{
  message: 'Database is connected successfully',
  level: 'info',
  label: 'PH',
  timestamp: '2023-06-18T03:49:03.348Z'
}
{
  message: 'Application listening on port 5000',
  level: 'info',
  label: 'PH',
  timestamp: '2023-06-18T03:49:03.379Z'
}
{
  message: 'Database is connected successfully',
  level: 'info',
  label: 'PH',
  timestamp: '2023-06-18T03:51:24.256Z'
}
{
  message: 'Application listening on port 5000',
  level: 'info',
  label: 'PH',
  timestamp: '2023-06-18T03:51:24.291Z'
}
{
  message: 'Database is connected successfully',
  level: 'info',
  label: 'PH',
  timestamp: '2023-06-18T03:51:32.676Z'
}
{
  message: 'Application listening on port 5000',
  level: 'info',
  label: 'PH',
  timestamp: '2023-06-18T03:51:32.698Z'
}
{
  message: 'Database is connected successfully',
  level: 'info',
  label: 'PH',
  timestamp: '2023-06-18T03:53:34.745Z'
}
{
  message: 'Application listening on port 5000',
  level: 'info',
  label: 'PH',
  timestamp: '2023-06-18T03:53:34.760Z'
}
{
  message: 'Database is connected successfully',
  level: 'info',
  label: 'PH',
  timestamp: '2023-06-18T03:55:43.823Z'
}
{
  message: 'Application listening on port 5000',
  level: 'info',
  label: 'PH',
  timestamp: '2023-06-18T03:55:43.860Z'
}
{
  message: 'Database is connected successfully',
  level: 'info',
  label: 'PH',
  timestamp: '2023-06-18T03:58:15.570Z'
}
{
  message: 'Application listening on port 5000',
  level: 'info',
  label: 'PH',
  timestamp: '2023-06-18T03:58:15.584Z'
}
{
  message: 'Database is connected successfully',
  level: 'info',
  label: 'PH',
  timestamp: '2023-06-18T03:59:20.673Z'
}
{
  message: 'Application listening on port 5000',
  level: 'info',
  label: 'PH',
  timestamp: '2023-06-18T03:59:20.693Z'
}
