{
  message: 'Database is connected successfully',
  level: 'info',
  label: 'PH',
  timestamp: '2023-06-15T05:35:36.305Z'
}
{
  message: 'Application listening on port 5000',
  level: 'info',
  label: 'PH',
  timestamp: '2023-06-15T05:35:36.333Z'
}
{
  message: 'Database is connected successfully',
  level: 'info',
  label: 'PH',
  timestamp: '2023-06-15T05:35:42.016Z'
}
{
  message: 'Application listening on port 5000',
  level: 'info',
  label: 'PH',
  timestamp: '2023-06-15T05:35:42.036Z'
}
{
  message: 'Database is connected successfully',
  level: 'info',
  label: 'PH',
  timestamp: '2023-06-15T05:43:45.321Z'
}
{
  message: 'Application listening on port 5000',
  level: 'info',
  label: 'PH',
  timestamp: '2023-06-15T05:43:45.343Z'
}
{
  message: 'Database is connected successfully',
  level: 'info',
  label: 'PH',
  timestamp: '2023-06-15T05:44:28.396Z'
}
{
  message: 'Application listening on port 5000',
  level: 'info',
  label: 'PH',
  timestamp: '2023-06-15T05:44:28.423Z'
}
{
  message: 'Database is connected successfully',
  level: 'info',
  label: 'PH',
  timestamp: '2023-06-15T05:48:02.863Z'
}
{
  message: 'Application listening on port 5000',
  level: 'info',
  label: 'PH',
  timestamp: '2023-06-15T05:48:02.887Z'
}
{
  message: 'Database is connected successfully',
  level: 'info',
  label: 'PH',
  timestamp: '2023-06-15T05:51:19.328Z'
}
{
  message: 'Application listening on port 5000',
  level: 'info',
  label: 'PH',
  timestamp: '2023-06-15T05:51:19.349Z'
}
{
  message: 'Database is connected successfully',
  level: 'info',
  label: 'PH',
  timestamp: '2023-06-15T05:56:02.990Z'
}
{
  message: 'Application listening on port 5000',
  level: 'info',
  label: 'PH',
  timestamp: '2023-06-15T05:56:03.019Z'
}
