{
  message: 'Filed to connect database Server selection timed out after 30000 ms',
  reason: TopologyDescription {
    type: 'ReplicaSetNoPrimary',
    servers: Map(3) {
      'cluster0-shard-00-02.rjdqp.mongodb.net:27017' => ServerDescription {
        address: 'cluster0-shard-00-02.rjdqp.mongodb.net:27017',
        type: 'Unknown',
        hosts: [],
        passives: [],
        arbiters: [],
        tags: {},
        minWireVersion: 0,
        maxWireVersion: 0,
        roundTripTime: -1,
        lastUpdateTime: 106895725,
        lastWriteDate: 0,
        error: null,
        topologyVersion: null,
        setName: null,
        setVersion: null,
        electionId: null,
        logicalSessionTimeoutMinutes: null,
        primary: null,
        me: null,
        '$clusterTime': null
      },
      'cluster0-shard-00-00.rjdqp.mongodb.net:27017' => ServerDescription {
        address: 'cluster0-shard-00-00.rjdqp.mongodb.net:27017',
        type: 'RSSecondary',
        hosts: [
          'cluster0-shard-00-00.rjdqp.mongodb.net:27017',
          'cluster0-shard-00-01.rjdqp.mongodb.net:27017',
          'cluster0-shard-00-02.rjdqp.mongodb.net:27017'
        ],
        passives: [],
        arbiters: [],
        tags: {
          region: 'US_EAST_1',
          provider: 'AWS',
          workloadType: 'OPERATIONAL',
          nodeType: 'ELECTABLE'
        },
        minWireVersion: 0,
        maxWireVersion: 17,
        roundTripTime: 3969.9600000000005,
        lastUpdateTime: 106922393,
        lastWriteDate: 2023-06-28T16:29:06.000Z,
        error: null,
        topologyVersion: {
          processId: new ObjectId("648b60b84b872714589a2258"),
          counter: 5
        },
        setName: 'atlas-y7p22h-shard-0',
        setVersion: 10,
        electionId: null,
        logicalSessionTimeoutMinutes: 30,
        primary: 'cluster0-shard-00-02.rjdqp.mongodb.net:27017',
        me: 'cluster0-shard-00-00.rjdqp.mongodb.net:27017',
        '$clusterTime': {
          clusterTime: new Timestamp({ t: 1687969746, i: 111 }),
          signature: {
            hash: Binary.createFromBase64("ndrkPsvlinjCTQT6oOndPN2NbII=", 0),
            keyId: new Long("7193426976432979970")
          }
        }
      },
      'cluster0-shard-00-01.rjdqp.mongodb.net:27017' => ServerDescription {
        address: 'cluster0-shard-00-01.rjdqp.mongodb.net:27017',
        type: 'RSSecondary',
        hosts: [
          'cluster0-shard-00-00.rjdqp.mongodb.net:27017',
          'cluster0-shard-00-01.rjdqp.mongodb.net:27017',
          'cluster0-shard-00-02.rjdqp.mongodb.net:27017'
        ],
        passives: [],
        arbiters: [],
        tags: {
          provider: 'AWS',
          nodeType: 'ELECTABLE',
          workloadType: 'OPERATIONAL',
          region: 'US_EAST_1'
        },
        minWireVersion: 0,
        maxWireVersion: 17,
        roundTripTime: 2320.6400000000003,
        lastUpdateTime: 106918871,
        lastWriteDate: 2023-06-28T16:29:04.000Z,
        error: null,
        topologyVersion: {
          processId: new ObjectId("649b7fb49f7f6367c6522e8a"),
          counter: 4
        },
        setName: 'atlas-y7p22h-shard-0',
        setVersion: 10,
        electionId: null,
        logicalSessionTimeoutMinutes: 30,
        primary: 'cluster0-shard-00-02.rjdqp.mongodb.net:27017',
        me: 'cluster0-shard-00-01.rjdqp.mongodb.net:27017',
        '$clusterTime': {
          clusterTime: new Timestamp({ t: 1687969744, i: 9 }),
          signature: {
            hash: Binary.createFromBase64("HIHMJgUVk0wAdkQ06yGtEFD6614=", 0),
            keyId: new Long("7193426976432979970")
          }
        }
      }
    },
    stale: false,
    compatible: true,
    heartbeatFrequencyMS: 10000,
    localThresholdMS: 15,
    setName: 'atlas-y7p22h-shard-0',
    maxElectionId: null,
    maxSetVersion: null,
    commonWireVersion: 0,
    logicalSessionTimeoutMinutes: 30
  },
  code: undefined,
  level: 'error',
  stack: 'MongooseServerSelectionError: Server selection timed out after 30000 ms\n' +
    '    at _handleConnectionErrors (D:\\Next-Level\\Mission-3-Project\\university-management-auth-service\\node_modules\\mongoose\\lib\\connection.js:792:11)\n' +
    '    at NativeConnection.openUri (D:\\Next-Level\\Mission-3-Project\\university-management-auth-service\\node_modules\\mongoose\\lib\\connection.js:767:11)\n' +
    '    at processTicksAndRejections (node:internal/process/task_queues:95:5)',
  label: 'ph',
  timestamp: '2023-06-28T16:31:15.850Z'
}
