{
  level: 'error',
  message: 'Filed to connect database The `uri` parameter to `openUri()` must be a string, got "undefined". Make sure the first parameter to `mongoose.connect()` or `mongoose.createConnection()` is a string.',
  stack: 'MongooseError: The `uri` parameter to `openUri()` must be a string, got "undefined". Make sure the first parameter to `mongoose.connect()` or `mongoose.createConnection()` is a string.\n' +
    '    at _createMongoClient (D:\\Next-Level\\Mission-3-Project\\university-management-auth-service\\node_modules\\mongoose\\lib\\connection.js:805:11)\n' +
    '    at NativeConnection.openUri (D:\\Next-Level\\Mission-3-Project\\university-management-auth-service\\node_modules\\mongoose\\lib\\connection.js:742:29)\n' +
    '    at Mongoose.connect (D:\\Next-Level\\Mission-3-Project\\university-management-auth-service\\node_modules\\mongoose\\lib\\index.js:406:15)\n' +
    '    at D:\\Next-Level\\Mission-3-Project\\university-management-auth-service\\src\\server.ts:8:20\n' +
    '    at Generator.next (<anonymous>)\n' +
    '    at D:\\Next-Level\\Mission-3-Project\\university-management-auth-service\\src\\server.ts:8:71\n' +
    '    at new Promise (<anonymous>)\n' +
    '    at __awaiter (D:\\Next-Level\\Mission-3-Project\\university-management-auth-service\\src\\server.ts:4:12)\n' +
    '    at main (D:\\Next-Level\\Mission-3-Project\\university-management-auth-service\\src\\server.ts:20:12)\n' +
    '    at Object.<anonymous> (D:\\Next-Level\\Mission-3-Project\\university-management-auth-service\\src\\server.ts:17:1)',
  label: 'right meow!',
  timestamp: '2023-06-12T05:42:35.763Z'
}
{
  level: 'error',
  message: 'Filed to connect database The `uri` parameter to `openUri()` must be a string, got "undefined". Make sure the first parameter to `mongoose.connect()` or `mongoose.createConnection()` is a string.',
  stack: 'MongooseError: The `uri` parameter to `openUri()` must be a string, got "undefined". Make sure the first parameter to `mongoose.connect()` or `mongoose.createConnection()` is a string.\n' +
    '    at _createMongoClient (D:\\Next-Level\\Mission-3-Project\\university-management-auth-service\\node_modules\\mongoose\\lib\\connection.js:805:11)\n' +
    '    at NativeConnection.openUri (D:\\Next-Level\\Mission-3-Project\\university-management-auth-service\\node_modules\\mongoose\\lib\\connection.js:742:29)\n' +
    '    at Mongoose.connect (D:\\Next-Level\\Mission-3-Project\\university-management-auth-service\\node_modules\\mongoose\\lib\\index.js:406:15)\n' +
    '    at D:\\Next-Level\\Mission-3-Project\\university-management-auth-service\\src\\server.ts:8:20\n' +
    '    at Generator.next (<anonymous>)\n' +
    '    at D:\\Next-Level\\Mission-3-Project\\university-management-auth-service\\src\\server.ts:8:71\n' +
    '    at new Promise (<anonymous>)\n' +
    '    at __awaiter (D:\\Next-Level\\Mission-3-Project\\university-management-auth-service\\src\\server.ts:4:12)\n' +
    '    at main (D:\\Next-Level\\Mission-3-Project\\university-management-auth-service\\src\\server.ts:20:12)\n' +
    '    at Object.<anonymous> (D:\\Next-Level\\Mission-3-Project\\university-management-auth-service\\src\\server.ts:17:1)',
  label: 'ph',
  timestamp: '2023-06-12T05:44:03.267Z'
}
