{
  errors: {
    academicFaculty: CastError: Cast to ObjectId failed for value "BBA" (type string) at path "academicFaculty" because of "BSONError"
        at ObjectId.cast (D:\Next-Level\Mission-3-Project\university-management-auth-service\node_modules\mongoose\lib\schema\objectid.js:248:11)
        at ObjectId.SchemaType.applySetters (D:\Next-Level\Mission-3-Project\university-management-auth-service\node_modules\mongoose\lib\schematype.js:1204:12)
        at model.$set (D:\Next-Level\Mission-3-Project\university-management-auth-service\node_modules\mongoose\lib\document.js:1414:22)
        at model.$set (D:\Next-Level\Mission-3-Project\university-management-auth-service\node_modules\mongoose\lib\document.js:1116:16)
        at model.Document (D:\Next-Level\Mission-3-Project\university-management-auth-service\node_modules\mongoose\lib\document.js:165:12)
        at model.Model (D:\Next-Level\Mission-3-Project\university-management-auth-service\node_modules\mongoose\lib\model.js:122:12)
        at new model (D:\Next-Level\Mission-3-Project\university-management-auth-service\node_modules\mongoose\lib\model.js:4607:15)
        at D:\Next-Level\Mission-3-Project\university-management-auth-service\node_modules\mongoose\lib\model.js:2851:16
        at Array.map (<anonymous>)
        at Function.create (D:\Next-Level\Mission-3-Project\university-management-auth-service\node_modules\mongoose\lib\model.js:2840:38) {
      stringValue: '"BBA"',
      messageFormat: undefined,
      kind: 'ObjectId',
      value: 'BBA',
      path: 'academicFaculty',
      reason: BSONError: Argument passed in must be a string of 12 bytes or a string of 24 hex characters or an integer
          at new ObjectId (D:\Next-Level\Mission-3-Project\university-management-auth-service\node_modules\bson\src\objectid.ts:88:15)
          at castObjectId (D:\Next-Level\Mission-3-Project\university-management-auth-service\node_modules\mongoose\lib\cast\objectid.js:25:12)
          at ObjectId.cast (D:\Next-Level\Mission-3-Project\university-management-auth-service\node_modules\mongoose\lib\schema\objectid.js:246:12)
          at ObjectId.SchemaType.applySetters (D:\Next-Level\Mission-3-Project\university-management-auth-service\node_modules\mongoose\lib\schematype.js:1204:12)
          at model.$set (D:\Next-Level\Mission-3-Project\university-management-auth-service\node_modules\mongoose\lib\document.js:1414:22)
          at model.$set (D:\Next-Level\Mission-3-Project\university-management-auth-service\node_modules\mongoose\lib\document.js:1116:16)
          at model.Document (D:\Next-Level\Mission-3-Project\university-management-auth-service\node_modules\mongoose\lib\document.js:165:12)
          at model.Model (D:\Next-Level\Mission-3-Project\university-management-auth-service\node_modules\mongoose\lib\model.js:122:12)
          at new model (D:\Next-Level\Mission-3-Project\university-management-auth-service\node_modules\mongoose\lib\model.js:4607:15)
          at D:\Next-Level\Mission-3-Project\university-management-auth-service\node_modules\mongoose\lib\model.js:2851:16,
      valueType: 'string'
    }
  },
  _message: 'AcademicDepartment validation failed',
  level: 'error',
  label: 'ph',
  timestamp: '2023-06-28T08:59:28.642Z'
}
