{
  stringValue: '"648de64f430d393a46f0ce"',
  messageFormat: undefined,
  kind: 'ObjectId',
  value: '648de64f430d393a46f0ce',
  path: '_id',
  reason: BSONError: Argument passed in must be a string of 12 bytes or a string of 24 hex characters or an integer
      at new ObjectId (D:\Next-Level\Mission-3-Project\university-management-auth-service\node_modules\bson\src\objectid.ts:88:15)
      at castObjectId (D:\Next-Level\Mission-3-Project\university-management-auth-service\node_modules\mongoose\lib\cast\objectid.js:25:12)
      at ObjectId.cast (D:\Next-Level\Mission-3-Project\university-management-auth-service\node_modules\mongoose\lib\schema\objectid.js:246:12)
      at ObjectId.SchemaType.applySetters (D:\Next-Level\Mission-3-Project\university-management-auth-service\node_modules\mongoose\lib\schematype.js:1204:12)
      at ObjectId.SchemaType.castForQuery (D:\Next-Level\Mission-3-Project\university-management-auth-service\node_modules\mongoose\lib\schematype.js:1616:15)
      at cast (D:\Next-Level\Mission-3-Project\university-management-auth-service\node_modules\mongoose\lib\cast.js:348:32)
      at model.Query.Query.cast (D:\Next-Level\Mission-3-Project\university-management-auth-service\node_modules\mongoose\lib\query.js:4874:12)
      at model.Query.Query._castConditions (D:\Next-Level\Mission-3-Project\university-management-auth-service\node_modules\mongoose\lib\query.js:2210:10)
      at model.Query._findOne (D:\Next-Level\Mission-3-Project\university-management-auth-service\node_modules\mongoose\lib\query.js:2497:8)
      at model.Query.exec (D:\Next-Level\Mission-3-Project\university-management-auth-service\node_modules\mongoose\lib\query.js:4404:28),
  valueType: 'string',
  model: Model { AcademicSemester },
  level: 'error',
  label: 'ph',
  timestamp: '2023-06-18T06:01:42.097Z'
}
